<?xml version="1.0" encoding="UTF-8"?>
<coverage generated="1602334373451" clover="3.2.0">
  <project timestamp="1602334373451" name="All files">
    <metrics statements="71" coveredstatements="55" conditionals="22" coveredconditionals="19" methods="25" coveredmethods="21" elements="118" coveredelements="95" complexity="0" loc="71" ncloc="71" packages="2" files="3" classes="3"/>
    <package name="assets">
      <metrics statements="1" coveredstatements="1" conditionals="0" coveredconditionals="0" methods="0" coveredmethods="0"/>
      <file name="head.jpg" path="C:\Users\Admin\Desktop\web\031802513-031802516\src\assets\head.jpg">
        <metrics statements="1" coveredstatements="1" conditionals="0" coveredconditionals="0" methods="0" coveredmethods="0"/>
        <line num="1" count="1" type="stmt"/>
      </file>
    </package>
    <package name="components">
      <metrics statements="70" coveredstatements="54" conditionals="22" coveredconditionals="19" methods="25" coveredmethods="21"/>
      <file name="index.vue" path="C:\Users\Admin\Desktop\web\031802513-031802516\src\components\index.vue">
        <metrics statements="52" coveredstatements="38" conditionals="16" coveredconditionals="13" methods="18" coveredmethods="15"/>
        <line num="32" count="1" type="stmt"/>
        <line num="38" count="1" type="stmt"/>
        <line num="46" count="2" type="stmt"/>
        <line num="47" count="2" type="stmt"/>
        <line num="48" count="2" type="stmt"/>
        <line num="52" count="2" type="stmt"/>
        <line num="53" count="2" type="stmt"/>
        <line num="54" count="4" type="stmt"/>
        <line num="55" count="12" type="stmt"/>
        <line num="56" count="12" type="cond" truecount="3" falsecount="1"/>
        <line num="57" count="0" type="stmt"/>
        <line num="58" count="0" type="stmt"/>
        <line num="59" count="0" type="stmt"/>
        <line num="69" count="2" type="stmt"/>
        <line num="70" count="2" type="stmt"/>
        <line num="71" count="2" type="stmt"/>
        <line num="72" count="12" type="cond" truecount="2" falsecount="0"/>
        <line num="73" count="2" type="stmt"/>
        <line num="74" count="2" type="stmt"/>
        <line num="75" count="2" type="stmt"/>
        <line num="76" count="10" type="cond" truecount="2" falsecount="0"/>
        <line num="77" count="3" type="stmt"/>
        <line num="78" count="7" type="cond" truecount="2" falsecount="0"/>
        <line num="79" count="4" type="stmt"/>
        <line num="80" count="4" type="stmt"/>
        <line num="81" count="4" type="stmt"/>
        <line num="82" count="4" type="cond" truecount="1" falsecount="1"/>
        <line num="83" count="4" type="stmt"/>
        <line num="84" count="4" type="stmt"/>
        <line num="85" count="12" type="stmt"/>
        <line num="87" count="4" type="stmt"/>
        <line num="96" count="3" type="stmt"/>
        <line num="98" count="3" type="stmt"/>
        <line num="100" count="3" type="cond" truecount="1" falsecount="1"/>
        <line num="101" count="0" type="stmt"/>
        <line num="104" count="3" type="stmt"/>
        <line num="105" count="12" type="stmt"/>
        <line num="106" count="36" type="cond" truecount="2" falsecount="0"/>
        <line num="107" count="2" type="stmt"/>
        <line num="109" count="2" type="stmt"/>
        <line num="123" count="1" type="stmt"/>
        <line num="124" count="1" type="stmt"/>
        <line num="126" count="0" type="stmt"/>
        <line num="127" count="0" type="stmt"/>
        <line num="129" count="0" type="stmt"/>
        <line num="131" count="0" type="stmt"/>
        <line num="132" count="0" type="stmt"/>
        <line num="134" count="0" type="stmt"/>
        <line num="135" count="0" type="stmt"/>
        <line num="138" count="0" type="stmt"/>
        <line num="139" count="0" type="stmt"/>
        <line num="140" count="0" type="stmt"/>
      </file>
      <file name="tree.vue" path="C:\Users\Admin\Desktop\web\031802513-031802516\src\components\tree.vue">
        <metrics statements="18" coveredstatements="16" conditionals="6" coveredconditionals="6" methods="7" coveredmethods="6"/>
        <line num="103" count="7" type="stmt"/>
        <line num="113" count="7" type="stmt"/>
        <line num="114" count="10" type="cond" truecount="2" falsecount="0"/>
        <line num="116" count="10" type="cond" truecount="2" falsecount="0"/>
        <line num="117" count="2" type="stmt"/>
        <line num="118" count="4" type="stmt"/>
        <line num="121" count="10" type="stmt"/>
        <line num="123" count="7" type="cond" truecount="2" falsecount="0"/>
        <line num="124" count="6" type="stmt"/>
        <line num="132" count="7" type="stmt"/>
        <line num="133" count="7" type="stmt"/>
        <line num="134" count="7" type="stmt"/>
        <line num="136" count="7" type="stmt"/>
        <line num="142" count="0" type="stmt"/>
        <line num="143" count="0" type="stmt"/>
        <line num="146" count="1" type="stmt"/>
        <line num="147" count="1" type="stmt"/>
        <line num="148" count="1" type="stmt"/>
      </file>
    </package>
  </project>
</coverage>
