{"C:\\Users\\Admin\\Desktop\\web\\031802513-031802516\\src\\assets\\head.jpg": {"path":"C:\\Users\\Admin\\Desktop\\web\\031802513-031802516\\src\\assets\\head.jpg","statementMap":{"0":{"start":{"line":1,"column":0},"end":{"line":1,"column":19}}},"fnMap":{},"branchMap":{},"s":{"0":1},"f":{},"b":{},"_coverageSchema":"43e27e138ebf9cfc5966b082cf9a028302ed4184","hash":"6cad1fce44e6be68fe2a3e685d92843efc9c25f5"}
,"C:\\Users\\Admin\\Desktop\\web\\031802513-031802516\\src\\components\\index.vue": {"path":"C:\\Users\\Admin\\Desktop\\web\\031802513-031802516\\src\\components\\index.vue","statementMap":{"0":{"start":{"line":32,"column":0},"end":{"line":32,"column":null}},"1":{"start":{"line":38,"column":0},"end":{"line":38,"column":null}},"2":{"start":{"line":46,"column":0},"end":{"line":46,"column":null}},"3":{"start":{"line":47,"column":0},"end":{"line":47,"column":null}},"4":{"start":{"line":48,"column":0},"end":{"line":48,"column":null}},"5":{"start":{"line":52,"column":0},"end":{"line":66,"column":null}},"6":{"start":{"line":53,"column":0},"end":{"line":65,"column":null}},"7":{"start":{"line":54,"column":0},"end":{"line":64,"column":null}},"8":{"start":{"line":55,"column":0},"end":{"line":61,"column":null}},"9":{"start":{"line":56,"column":0},"end":{"line":60,"column":null}},"10":{"start":{"line":57,"column":0},"end":{"line":57,"column":null}},"11":{"start":{"line":58,"column":0},"end":{"line":58,"column":null}},"12":{"start":{"line":59,"column":0},"end":{"line":59,"column":null}},"13":{"start":{"line":69,"column":0},"end":{"line":69,"column":null}},"14":{"start":{"line":70,"column":0},"end":{"line":70,"column":null}},"15":{"start":{"line":71,"column":0},"end":{"line":115,"column":null}},"16":{"start":{"line":72,"column":0},"end":{"line":114,"column":null}},"17":{"start":{"line":73,"column":0},"end":{"line":73,"column":null}},"18":{"start":{"line":74,"column":0},"end":{"line":74,"column":null}},"19":{"start":{"line":75,"column":0},"end":{"line":75,"column":null}},"20":{"start":{"line":76,"column":0},"end":{"line":114,"column":null}},"21":{"start":{"line":77,"column":0},"end":{"line":77,"column":null}},"22":{"start":{"line":78,"column":0},"end":{"line":114,"column":null}},"23":{"start":{"line":79,"column":0},"end":{"line":79,"column":null}},"24":{"start":{"line":80,"column":0},"end":{"line":80,"column":null}},"25":{"start":{"line":81,"column":0},"end":{"line":94,"column":null}},"26":{"start":{"line":82,"column":0},"end":{"line":93,"column":null}},"27":{"start":{"line":83,"column":0},"end":{"line":83,"column":null}},"28":{"start":{"line":84,"column":0},"end":{"line":86,"column":null}},"29":{"start":{"line":85,"column":0},"end":{"line":85,"column":null}},"30":{"start":{"line":87,"column":0},"end":{"line":87,"column":null}},"31":{"start":{"line":96,"column":0},"end":{"line":96,"column":null}},"32":{"start":{"line":98,"column":0},"end":{"line":113,"column":null}},"33":{"start":{"line":100,"column":0},"end":{"line":103,"column":null}},"34":{"start":{"line":101,"column":0},"end":{"line":101,"column":null}},"35":{"start":{"line":104,"column":0},"end":{"line":112,"column":null}},"36":{"start":{"line":105,"column":0},"end":{"line":111,"column":null}},"37":{"start":{"line":106,"column":0},"end":{"line":110,"column":null}},"38":{"start":{"line":107,"column":0},"end":{"line":107,"column":null}},"39":{"start":{"line":109,"column":0},"end":{"line":109,"column":null}},"40":{"start":{"line":123,"column":0},"end":{"line":123,"column":null}},"41":{"start":{"line":124,"column":0},"end":{"line":142,"column":null}},"42":{"start":{"line":126,"column":0},"end":{"line":126,"column":null}},"43":{"start":{"line":127,"column":0},"end":{"line":127,"column":null}},"44":{"start":{"line":129,"column":0},"end":{"line":136,"column":null}},"45":{"start":{"line":131,"column":0},"end":{"line":131,"column":null}},"46":{"start":{"line":132,"column":0},"end":{"line":132,"column":null}},"47":{"start":{"line":134,"column":0},"end":{"line":134,"column":null}},"48":{"start":{"line":135,"column":0},"end":{"line":135,"column":null}},"49":{"start":{"line":138,"column":0},"end":{"line":141,"column":null}},"50":{"start":{"line":139,"column":0},"end":{"line":139,"column":null}},"51":{"start":{"line":140,"column":0},"end":{"line":140,"column":null}}},"fnMap":{"0":{"name":"(anonymous_1)","decl":{"start":{"line":37,"column":0},"end":{"line":37,"column":null}},"loc":{"start":{"line":37,"column":0},"end":{"line":43,"column":null}}},"1":{"name":"(anonymous_2)","decl":{"start":{"line":45,"column":0},"end":{"line":45,"column":null}},"loc":{"start":{"line":45,"column":0},"end":{"line":50,"column":null}}},"2":{"name":"(anonymous_3)","decl":{"start":{"line":51,"column":0},"end":{"line":51,"column":null}},"loc":{"start":{"line":51,"column":0},"end":{"line":67,"column":null}}},"3":{"name":"(anonymous_4)","decl":{"start":{"line":52,"column":0},"end":{"line":52,"column":null}},"loc":{"start":{"line":52,"column":0},"end":{"line":66,"column":null}}},"4":{"name":"(anonymous_5)","decl":{"start":{"line":53,"column":0},"end":{"line":53,"column":null}},"loc":{"start":{"line":53,"column":0},"end":{"line":65,"column":null}}},"5":{"name":"(anonymous_6)","decl":{"start":{"line":54,"column":0},"end":{"line":54,"column":null}},"loc":{"start":{"line":54,"column":0},"end":{"line":64,"column":null}}},"6":{"name":"(anonymous_7)","decl":{"start":{"line":55,"column":0},"end":{"line":55,"column":null}},"loc":{"start":{"line":55,"column":0},"end":{"line":61,"column":null}}},"7":{"name":"(anonymous_8)","decl":{"start":{"line":68,"column":0},"end":{"line":68,"column":null}},"loc":{"start":{"line":68,"column":0},"end":{"line":116,"column":null}}},"8":{"name":"(anonymous_9)","decl":{"start":{"line":71,"column":0},"end":{"line":71,"column":null}},"loc":{"start":{"line":71,"column":0},"end":{"line":115,"column":null}}},"9":{"name":"(anonymous_10)","decl":{"start":{"line":81,"column":0},"end":{"line":81,"column":null}},"loc":{"start":{"line":81,"column":0},"end":{"line":94,"column":null}}},"10":{"name":"(anonymous_11)","decl":{"start":{"line":84,"column":0},"end":{"line":84,"column":null}},"loc":{"start":{"line":84,"column":0},"end":{"line":86,"column":null}}},"11":{"name":"(anonymous_12)","decl":{"start":{"line":98,"column":0},"end":{"line":98,"column":null}},"loc":{"start":{"line":98,"column":0},"end":{"line":113,"column":null}}},"12":{"name":"(anonymous_13)","decl":{"start":{"line":104,"column":0},"end":{"line":104,"column":null}},"loc":{"start":{"line":104,"column":0},"end":{"line":112,"column":null}}},"13":{"name":"(anonymous_14)","decl":{"start":{"line":105,"column":0},"end":{"line":105,"column":null}},"loc":{"start":{"line":105,"column":0},"end":{"line":111,"column":null}}},"14":{"name":"(anonymous_15)","decl":{"start":{"line":122,"column":0},"end":{"line":122,"column":null}},"loc":{"start":{"line":122,"column":0},"end":{"line":143,"column":null}}},"15":{"name":"(anonymous_16)","decl":{"start":{"line":124,"column":0},"end":{"line":124,"column":null}},"loc":{"start":{"line":124,"column":0},"end":{"line":142,"column":null}}},"16":{"name":"(anonymous_17)","decl":{"start":{"line":129,"column":0},"end":{"line":129,"column":null}},"loc":{"start":{"line":129,"column":0},"end":{"line":136,"column":null}}},"17":{"name":"(anonymous_18)","decl":{"start":{"line":138,"column":0},"end":{"line":138,"column":null}},"loc":{"start":{"line":138,"column":0},"end":{"line":141,"column":null}}}},"branchMap":{"0":{"loc":{"start":{"line":56,"column":0},"end":{"line":60,"column":null}},"type":"if","locations":[{"start":{"line":56,"column":0},"end":{"line":60,"column":null}},{"start":{"line":56,"column":0},"end":{"line":60,"column":null}}]},"1":{"loc":{"start":{"line":56,"column":0},"end":{"line":56,"column":null}},"type":"binary-expr","locations":[{"start":{"line":56,"column":0},"end":{"line":56,"column":null}},{"start":{"line":56,"column":0},"end":{"line":56,"column":null}}]},"2":{"loc":{"start":{"line":72,"column":0},"end":{"line":114,"column":null}},"type":"if","locations":[{"start":{"line":72,"column":0},"end":{"line":114,"column":null}},{"start":{"line":72,"column":0},"end":{"line":114,"column":null}}]},"3":{"loc":{"start":{"line":76,"column":0},"end":{"line":114,"column":null}},"type":"if","locations":[{"start":{"line":76,"column":0},"end":{"line":114,"column":null}},{"start":{"line":76,"column":0},"end":{"line":114,"column":null}}]},"4":{"loc":{"start":{"line":78,"column":0},"end":{"line":114,"column":null}},"type":"if","locations":[{"start":{"line":78,"column":0},"end":{"line":114,"column":null}},{"start":{"line":78,"column":0},"end":{"line":114,"column":null}}]},"5":{"loc":{"start":{"line":82,"column":0},"end":{"line":93,"column":null}},"type":"if","locations":[{"start":{"line":82,"column":0},"end":{"line":93,"column":null}},{"start":{"line":82,"column":0},"end":{"line":93,"column":null}}]},"6":{"loc":{"start":{"line":100,"column":0},"end":{"line":103,"column":null}},"type":"if","locations":[{"start":{"line":100,"column":0},"end":{"line":103,"column":null}},{"start":{"line":100,"column":0},"end":{"line":103,"column":null}}]},"7":{"loc":{"start":{"line":106,"column":0},"end":{"line":110,"column":null}},"type":"if","locations":[{"start":{"line":106,"column":0},"end":{"line":110,"column":null}},{"start":{"line":106,"column":0},"end":{"line":110,"column":null}}]}},"s":{"0":1,"1":1,"2":2,"3":2,"4":2,"5":2,"6":2,"7":4,"8":12,"9":12,"10":0,"11":0,"12":0,"13":2,"14":2,"15":2,"16":12,"17":2,"18":2,"19":2,"20":10,"21":3,"22":7,"23":4,"24":4,"25":4,"26":4,"27":4,"28":4,"29":12,"30":4,"31":3,"32":3,"33":3,"34":0,"35":3,"36":12,"37":36,"38":2,"39":2,"40":1,"41":1,"42":0,"43":0,"44":0,"45":0,"46":0,"47":0,"48":0,"49":0,"50":0,"51":0},"f":{"0":1,"1":2,"2":2,"3":2,"4":4,"5":12,"6":12,"7":2,"8":12,"9":4,"10":12,"11":3,"12":12,"13":36,"14":1,"15":0,"16":0,"17":0},"b":{"0":[0,12],"1":[12,12],"2":[2,10],"3":[3,7],"4":[4,3],"5":[4,0],"6":[0,3],"7":[2,34]}}
,"C:\\Users\\Admin\\Desktop\\web\\031802513-031802516\\src\\components\\tree.vue": {"path":"C:\\Users\\Admin\\Desktop\\web\\031802513-031802516\\src\\components\\tree.vue","statementMap":{"0":{"start":{"line":103,"column":0},"end":{"line":103,"column":null}},"1":{"start":{"line":113,"column":0},"end":{"line":122,"column":null}},"2":{"start":{"line":114,"column":0},"end":{"line":114,"column":null}},"3":{"start":{"line":116,"column":0},"end":{"line":120,"column":null}},"4":{"start":{"line":117,"column":0},"end":{"line":119,"column":null}},"5":{"start":{"line":118,"column":0},"end":{"line":118,"column":null}},"6":{"start":{"line":121,"column":0},"end":{"line":121,"column":null}},"7":{"start":{"line":123,"column":0},"end":{"line":125,"column":null}},"8":{"start":{"line":124,"column":0},"end":{"line":124,"column":null}},"9":{"start":{"line":132,"column":0},"end":{"line":132,"column":null}},"10":{"start":{"line":133,"column":0},"end":{"line":133,"column":null}},"11":{"start":{"line":134,"column":0},"end":{"line":134,"column":null}},"12":{"start":{"line":136,"column":0},"end":{"line":136,"column":null}},"13":{"start":{"line":142,"column":0},"end":{"line":142,"column":null}},"14":{"start":{"line":143,"column":0},"end":{"line":143,"column":null}},"15":{"start":{"line":146,"column":0},"end":{"line":146,"column":null}},"16":{"start":{"line":147,"column":0},"end":{"line":147,"column":null}},"17":{"start":{"line":148,"column":0},"end":{"line":148,"column":null}}},"fnMap":{"0":{"name":"(anonymous_1)","decl":{"start":{"line":102,"column":0},"end":{"line":102,"column":null}},"loc":{"start":{"line":102,"column":0},"end":{"line":109,"column":null}}},"1":{"name":"(anonymous_2)","decl":{"start":{"line":112,"column":0},"end":{"line":112,"column":null}},"loc":{"start":{"line":112,"column":0},"end":{"line":126,"column":null}}},"2":{"name":"(anonymous_3)","decl":{"start":{"line":113,"column":0},"end":{"line":113,"column":null}},"loc":{"start":{"line":113,"column":0},"end":{"line":122,"column":null}}},"3":{"name":"(anonymous_4)","decl":{"start":{"line":117,"column":0},"end":{"line":117,"column":null}},"loc":{"start":{"line":117,"column":0},"end":{"line":119,"column":null}}},"4":{"name":"(anonymous_5)","decl":{"start":{"line":131,"column":0},"end":{"line":131,"column":null}},"loc":{"start":{"line":131,"column":0},"end":{"line":137,"column":null}}},"5":{"name":"(anonymous_6)","decl":{"start":{"line":141,"column":0},"end":{"line":141,"column":null}},"loc":{"start":{"line":141,"column":0},"end":{"line":144,"column":null}}},"6":{"name":"(anonymous_7)","decl":{"start":{"line":145,"column":0},"end":{"line":145,"column":null}},"loc":{"start":{"line":145,"column":0},"end":{"line":149,"column":null}}}},"branchMap":{"0":{"loc":{"start":{"line":114,"column":0},"end":{"line":114,"column":null}},"type":"cond-expr","locations":[{"start":{"line":114,"column":0},"end":{"line":114,"column":null}},{"start":{"line":114,"column":0},"end":{"line":114,"column":null}}]},"1":{"loc":{"start":{"line":116,"column":0},"end":{"line":120,"column":null}},"type":"if","locations":[{"start":{"line":116,"column":0},"end":{"line":120,"column":null}},{"start":{"line":116,"column":0},"end":{"line":120,"column":null}}]},"2":{"loc":{"start":{"line":123,"column":0},"end":{"line":125,"column":null}},"type":"if","locations":[{"start":{"line":123,"column":0},"end":{"line":125,"column":null}},{"start":{"line":123,"column":0},"end":{"line":125,"column":null}}]}},"s":{"0":7,"1":7,"2":10,"3":10,"4":2,"5":4,"6":10,"7":7,"8":6,"9":7,"10":7,"11":7,"12":7,"13":0,"14":0,"15":1,"16":1,"17":1},"f":{"0":7,"1":7,"2":10,"3":4,"4":7,"5":0,"6":1},"b":{"0":[5,5],"1":[2,8],"2":[6,1]}}
}
