{"C:\\Users\\Admin\\Desktop\\web\\031802513-031802516\\src\\assets\\head.jpg": {"path":"C:\\Users\\Admin\\Desktop\\web\\031802513-031802516\\src\\assets\\head.jpg","statementMap":{"0":{"start":{"line":1,"column":0},"end":{"line":1,"column":19}}},"fnMap":{},"branchMap":{},"s":{"0":1},"f":{},"b":{},"_coverageSchema":"43e27e138ebf9cfc5966b082cf9a028302ed4184","hash":"6cad1fce44e6be68fe2a3e685d92843efc9c25f5"}
,"C:\\Users\\Admin\\Desktop\\web\\031802513-031802516\\src\\components\\index.vue": {"path":"C:\\Users\\Admin\\Desktop\\web\\031802513-031802516\\src\\components\\index.vue","statementMap":{"0":{"start":{"line":47,"column":0},"end":{"line":47,"column":null}},"1":{"start":{"line":53,"column":0},"end":{"line":53,"column":null}},"2":{"start":{"line":62,"column":0},"end":{"line":62,"column":null}},"3":{"start":{"line":63,"column":0},"end":{"line":63,"column":null}},"4":{"start":{"line":64,"column":0},"end":{"line":64,"column":null}},"5":{"start":{"line":65,"column":0},"end":{"line":68,"column":null}},"6":{"start":{"line":66,"column":0},"end":{"line":66,"column":null}},"7":{"start":{"line":67,"column":0},"end":{"line":67,"column":null}},"8":{"start":{"line":71,"column":0},"end":{"line":71,"column":null}},"9":{"start":{"line":72,"column":0},"end":{"line":72,"column":null}},"10":{"start":{"line":73,"column":0},"end":{"line":73,"column":null}},"11":{"start":{"line":77,"column":0},"end":{"line":91,"column":null}},"12":{"start":{"line":78,"column":0},"end":{"line":90,"column":null}},"13":{"start":{"line":79,"column":0},"end":{"line":89,"column":null}},"14":{"start":{"line":80,"column":0},"end":{"line":86,"column":null}},"15":{"start":{"line":81,"column":0},"end":{"line":85,"column":null}},"16":{"start":{"line":82,"column":0},"end":{"line":82,"column":null}},"17":{"start":{"line":83,"column":0},"end":{"line":83,"column":null}},"18":{"start":{"line":84,"column":0},"end":{"line":84,"column":null}},"19":{"start":{"line":94,"column":0},"end":{"line":94,"column":null}},"20":{"start":{"line":95,"column":0},"end":{"line":95,"column":null}},"21":{"start":{"line":96,"column":0},"end":{"line":140,"column":null}},"22":{"start":{"line":97,"column":0},"end":{"line":139,"column":null}},"23":{"start":{"line":98,"column":0},"end":{"line":98,"column":null}},"24":{"start":{"line":99,"column":0},"end":{"line":99,"column":null}},"25":{"start":{"line":100,"column":0},"end":{"line":100,"column":null}},"26":{"start":{"line":101,"column":0},"end":{"line":139,"column":null}},"27":{"start":{"line":102,"column":0},"end":{"line":102,"column":null}},"28":{"start":{"line":103,"column":0},"end":{"line":139,"column":null}},"29":{"start":{"line":104,"column":0},"end":{"line":104,"column":null}},"30":{"start":{"line":105,"column":0},"end":{"line":105,"column":null}},"31":{"start":{"line":106,"column":0},"end":{"line":119,"column":null}},"32":{"start":{"line":107,"column":0},"end":{"line":118,"column":null}},"33":{"start":{"line":108,"column":0},"end":{"line":108,"column":null}},"34":{"start":{"line":109,"column":0},"end":{"line":111,"column":null}},"35":{"start":{"line":110,"column":0},"end":{"line":110,"column":null}},"36":{"start":{"line":112,"column":0},"end":{"line":112,"column":null}},"37":{"start":{"line":121,"column":0},"end":{"line":121,"column":null}},"38":{"start":{"line":123,"column":0},"end":{"line":138,"column":null}},"39":{"start":{"line":125,"column":0},"end":{"line":128,"column":null}},"40":{"start":{"line":126,"column":0},"end":{"line":126,"column":null}},"41":{"start":{"line":129,"column":0},"end":{"line":137,"column":null}},"42":{"start":{"line":130,"column":0},"end":{"line":136,"column":null}},"43":{"start":{"line":131,"column":0},"end":{"line":135,"column":null}},"44":{"start":{"line":132,"column":0},"end":{"line":132,"column":null}},"45":{"start":{"line":134,"column":0},"end":{"line":134,"column":null}},"46":{"start":{"line":148,"column":0},"end":{"line":148,"column":null}},"47":{"start":{"line":149,"column":0},"end":{"line":167,"column":null}},"48":{"start":{"line":151,"column":0},"end":{"line":151,"column":null}},"49":{"start":{"line":152,"column":0},"end":{"line":152,"column":null}},"50":{"start":{"line":154,"column":0},"end":{"line":161,"column":null}},"51":{"start":{"line":156,"column":0},"end":{"line":156,"column":null}},"52":{"start":{"line":157,"column":0},"end":{"line":157,"column":null}},"53":{"start":{"line":159,"column":0},"end":{"line":159,"column":null}},"54":{"start":{"line":160,"column":0},"end":{"line":160,"column":null}},"55":{"start":{"line":163,"column":0},"end":{"line":166,"column":null}},"56":{"start":{"line":164,"column":0},"end":{"line":164,"column":null}},"57":{"start":{"line":165,"column":0},"end":{"line":165,"column":null}}},"fnMap":{"0":{"name":"(anonymous_1)","decl":{"start":{"line":52,"column":0},"end":{"line":52,"column":null}},"loc":{"start":{"line":52,"column":0},"end":{"line":59,"column":null}}},"1":{"name":"(anonymous_2)","decl":{"start":{"line":61,"column":0},"end":{"line":61,"column":null}},"loc":{"start":{"line":61,"column":0},"end":{"line":69,"column":null}}},"2":{"name":"(anonymous_3)","decl":{"start":{"line":65,"column":0},"end":{"line":65,"column":null}},"loc":{"start":{"line":65,"column":0},"end":{"line":68,"column":null}}},"3":{"name":"(anonymous_4)","decl":{"start":{"line":70,"column":0},"end":{"line":70,"column":null}},"loc":{"start":{"line":70,"column":0},"end":{"line":75,"column":null}}},"4":{"name":"(anonymous_5)","decl":{"start":{"line":76,"column":0},"end":{"line":76,"column":null}},"loc":{"start":{"line":76,"column":0},"end":{"line":92,"column":null}}},"5":{"name":"(anonymous_6)","decl":{"start":{"line":77,"column":0},"end":{"line":77,"column":null}},"loc":{"start":{"line":77,"column":0},"end":{"line":91,"column":null}}},"6":{"name":"(anonymous_7)","decl":{"start":{"line":78,"column":0},"end":{"line":78,"column":null}},"loc":{"start":{"line":78,"column":0},"end":{"line":90,"column":null}}},"7":{"name":"(anonymous_8)","decl":{"start":{"line":79,"column":0},"end":{"line":79,"column":null}},"loc":{"start":{"line":79,"column":0},"end":{"line":89,"column":null}}},"8":{"name":"(anonymous_9)","decl":{"start":{"line":80,"column":0},"end":{"line":80,"column":null}},"loc":{"start":{"line":80,"column":0},"end":{"line":86,"column":null}}},"9":{"name":"(anonymous_10)","decl":{"start":{"line":93,"column":0},"end":{"line":93,"column":null}},"loc":{"start":{"line":93,"column":0},"end":{"line":141,"column":null}}},"10":{"name":"(anonymous_11)","decl":{"start":{"line":96,"column":0},"end":{"line":96,"column":null}},"loc":{"start":{"line":96,"column":0},"end":{"line":140,"column":null}}},"11":{"name":"(anonymous_12)","decl":{"start":{"line":106,"column":0},"end":{"line":106,"column":null}},"loc":{"start":{"line":106,"column":0},"end":{"line":119,"column":null}}},"12":{"name":"(anonymous_13)","decl":{"start":{"line":109,"column":0},"end":{"line":109,"column":null}},"loc":{"start":{"line":109,"column":0},"end":{"line":111,"column":null}}},"13":{"name":"(anonymous_14)","decl":{"start":{"line":123,"column":0},"end":{"line":123,"column":null}},"loc":{"start":{"line":123,"column":0},"end":{"line":138,"column":null}}},"14":{"name":"(anonymous_15)","decl":{"start":{"line":129,"column":0},"end":{"line":129,"column":null}},"loc":{"start":{"line":129,"column":0},"end":{"line":137,"column":null}}},"15":{"name":"(anonymous_16)","decl":{"start":{"line":130,"column":0},"end":{"line":130,"column":null}},"loc":{"start":{"line":130,"column":0},"end":{"line":136,"column":null}}},"16":{"name":"(anonymous_17)","decl":{"start":{"line":147,"column":0},"end":{"line":147,"column":null}},"loc":{"start":{"line":147,"column":0},"end":{"line":168,"column":null}}},"17":{"name":"(anonymous_18)","decl":{"start":{"line":149,"column":0},"end":{"line":149,"column":null}},"loc":{"start":{"line":149,"column":0},"end":{"line":167,"column":null}}},"18":{"name":"(anonymous_19)","decl":{"start":{"line":154,"column":0},"end":{"line":154,"column":null}},"loc":{"start":{"line":154,"column":0},"end":{"line":161,"column":null}}},"19":{"name":"(anonymous_20)","decl":{"start":{"line":163,"column":0},"end":{"line":163,"column":null}},"loc":{"start":{"line":163,"column":0},"end":{"line":166,"column":null}}}},"branchMap":{"0":{"loc":{"start":{"line":81,"column":0},"end":{"line":85,"column":null}},"type":"if","locations":[{"start":{"line":81,"column":0},"end":{"line":85,"column":null}},{"start":{"line":81,"column":0},"end":{"line":85,"column":null}}]},"1":{"loc":{"start":{"line":81,"column":0},"end":{"line":81,"column":null}},"type":"binary-expr","locations":[{"start":{"line":81,"column":0},"end":{"line":81,"column":null}},{"start":{"line":81,"column":0},"end":{"line":81,"column":null}}]},"2":{"loc":{"start":{"line":97,"column":0},"end":{"line":139,"column":null}},"type":"if","locations":[{"start":{"line":97,"column":0},"end":{"line":139,"column":null}},{"start":{"line":97,"column":0},"end":{"line":139,"column":null}}]},"3":{"loc":{"start":{"line":101,"column":0},"end":{"line":139,"column":null}},"type":"if","locations":[{"start":{"line":101,"column":0},"end":{"line":139,"column":null}},{"start":{"line":101,"column":0},"end":{"line":139,"column":null}}]},"4":{"loc":{"start":{"line":103,"column":0},"end":{"line":139,"column":null}},"type":"if","locations":[{"start":{"line":103,"column":0},"end":{"line":139,"column":null}},{"start":{"line":103,"column":0},"end":{"line":139,"column":null}}]},"5":{"loc":{"start":{"line":107,"column":0},"end":{"line":118,"column":null}},"type":"if","locations":[{"start":{"line":107,"column":0},"end":{"line":118,"column":null}},{"start":{"line":107,"column":0},"end":{"line":118,"column":null}}]},"6":{"loc":{"start":{"line":125,"column":0},"end":{"line":128,"column":null}},"type":"if","locations":[{"start":{"line":125,"column":0},"end":{"line":128,"column":null}},{"start":{"line":125,"column":0},"end":{"line":128,"column":null}}]},"7":{"loc":{"start":{"line":131,"column":0},"end":{"line":135,"column":null}},"type":"if","locations":[{"start":{"line":131,"column":0},"end":{"line":135,"column":null}},{"start":{"line":131,"column":0},"end":{"line":135,"column":null}}]}},"s":{"0":1,"1":1,"2":0,"3":0,"4":0,"5":0,"6":0,"7":0,"8":2,"9":2,"10":2,"11":2,"12":2,"13":4,"14":12,"15":12,"16":0,"17":0,"18":0,"19":2,"20":2,"21":2,"22":12,"23":2,"24":2,"25":2,"26":10,"27":3,"28":7,"29":4,"30":4,"31":4,"32":4,"33":4,"34":4,"35":12,"36":4,"37":3,"38":3,"39":3,"40":0,"41":3,"42":12,"43":36,"44":2,"45":2,"46":1,"47":1,"48":0,"49":0,"50":0,"51":0,"52":0,"53":0,"54":0,"55":0,"56":0,"57":0},"f":{"0":1,"1":0,"2":0,"3":2,"4":2,"5":2,"6":4,"7":12,"8":12,"9":2,"10":12,"11":4,"12":12,"13":3,"14":12,"15":36,"16":1,"17":0,"18":0,"19":0},"b":{"0":[0,12],"1":[12,12],"2":[2,10],"3":[3,7],"4":[4,3],"5":[4,0],"6":[0,3],"7":[2,34]}}
,"C:\\Users\\Admin\\Desktop\\web\\031802513-031802516\\src\\components\\tree.vue": {"path":"C:\\Users\\Admin\\Desktop\\web\\031802513-031802516\\src\\components\\tree.vue","statementMap":{"0":{"start":{"line":103,"column":0},"end":{"line":103,"column":null}},"1":{"start":{"line":113,"column":0},"end":{"line":122,"column":null}},"2":{"start":{"line":114,"column":0},"end":{"line":114,"column":null}},"3":{"start":{"line":116,"column":0},"end":{"line":120,"column":null}},"4":{"start":{"line":117,"column":0},"end":{"line":119,"column":null}},"5":{"start":{"line":118,"column":0},"end":{"line":118,"column":null}},"6":{"start":{"line":121,"column":0},"end":{"line":121,"column":null}},"7":{"start":{"line":123,"column":0},"end":{"line":125,"column":null}},"8":{"start":{"line":124,"column":0},"end":{"line":124,"column":null}},"9":{"start":{"line":132,"column":0},"end":{"line":132,"column":null}},"10":{"start":{"line":133,"column":0},"end":{"line":133,"column":null}},"11":{"start":{"line":134,"column":0},"end":{"line":134,"column":null}},"12":{"start":{"line":136,"column":0},"end":{"line":136,"column":null}},"13":{"start":{"line":142,"column":0},"end":{"line":142,"column":null}},"14":{"start":{"line":143,"column":0},"end":{"line":143,"column":null}},"15":{"start":{"line":146,"column":0},"end":{"line":146,"column":null}},"16":{"start":{"line":147,"column":0},"end":{"line":147,"column":null}},"17":{"start":{"line":148,"column":0},"end":{"line":148,"column":null}}},"fnMap":{"0":{"name":"(anonymous_1)","decl":{"start":{"line":102,"column":0},"end":{"line":102,"column":null}},"loc":{"start":{"line":102,"column":0},"end":{"line":109,"column":null}}},"1":{"name":"(anonymous_2)","decl":{"start":{"line":112,"column":0},"end":{"line":112,"column":null}},"loc":{"start":{"line":112,"column":0},"end":{"line":126,"column":null}}},"2":{"name":"(anonymous_3)","decl":{"start":{"line":113,"column":0},"end":{"line":113,"column":null}},"loc":{"start":{"line":113,"column":0},"end":{"line":122,"column":null}}},"3":{"name":"(anonymous_4)","decl":{"start":{"line":117,"column":0},"end":{"line":117,"column":null}},"loc":{"start":{"line":117,"column":0},"end":{"line":119,"column":null}}},"4":{"name":"(anonymous_5)","decl":{"start":{"line":131,"column":0},"end":{"line":131,"column":null}},"loc":{"start":{"line":131,"column":0},"end":{"line":137,"column":null}}},"5":{"name":"(anonymous_6)","decl":{"start":{"line":141,"column":0},"end":{"line":141,"column":null}},"loc":{"start":{"line":141,"column":0},"end":{"line":144,"column":null}}},"6":{"name":"(anonymous_7)","decl":{"start":{"line":145,"column":0},"end":{"line":145,"column":null}},"loc":{"start":{"line":145,"column":0},"end":{"line":149,"column":null}}}},"branchMap":{"0":{"loc":{"start":{"line":114,"column":0},"end":{"line":114,"column":null}},"type":"cond-expr","locations":[{"start":{"line":114,"column":0},"end":{"line":114,"column":null}},{"start":{"line":114,"column":0},"end":{"line":114,"column":null}}]},"1":{"loc":{"start":{"line":116,"column":0},"end":{"line":120,"column":null}},"type":"if","locations":[{"start":{"line":116,"column":0},"end":{"line":120,"column":null}},{"start":{"line":116,"column":0},"end":{"line":120,"column":null}}]},"2":{"loc":{"start":{"line":123,"column":0},"end":{"line":125,"column":null}},"type":"if","locations":[{"start":{"line":123,"column":0},"end":{"line":125,"column":null}},{"start":{"line":123,"column":0},"end":{"line":125,"column":null}}]}},"s":{"0":7,"1":7,"2":10,"3":10,"4":2,"5":4,"6":10,"7":7,"8":6,"9":7,"10":7,"11":7,"12":7,"13":0,"14":0,"15":1,"16":1,"17":1},"f":{"0":7,"1":7,"2":10,"3":4,"4":7,"5":0,"6":1},"b":{"0":[5,5],"1":[2,8],"2":[6,1]}}
}
