TN:
SF:C:\Users\Admin\Desktop\web\031802513-031802516\src\assets\head.jpg
FNF:0
FNH:0
DA:1,1
LF:1
LH:1
BRF:0
BRH:0
end_of_record
TN:
SF:C:\Users\Admin\Desktop\web\031802513-031802516\src\components\index.vue
FN:37,(anonymous_1)
FN:45,(anonymous_2)
FN:51,(anonymous_3)
FN:52,(anonymous_4)
FN:53,(anonymous_5)
FN:54,(anonymous_6)
FN:55,(anonymous_7)
FN:68,(anonymous_8)
FN:71,(anonymous_9)
FN:81,(anonymous_10)
FN:84,(anonymous_11)
FN:98,(anonymous_12)
FN:104,(anonymous_13)
FN:105,(anonymous_14)
FN:122,(anonymous_15)
FN:124,(anonymous_16)
FN:129,(anonymous_17)
FN:138,(anonymous_18)
FNF:18
FNH:15
FNDA:1,(anonymous_1)
FNDA:2,(anonymous_2)
FNDA:2,(anonymous_3)
FNDA:2,(anonymous_4)
FNDA:4,(anonymous_5)
FNDA:12,(anonymous_6)
FNDA:12,(anonymous_7)
FNDA:2,(anonymous_8)
FNDA:12,(anonymous_9)
FNDA:4,(anonymous_10)
FNDA:12,(anonymous_11)
FNDA:3,(anonymous_12)
FNDA:12,(anonymous_13)
FNDA:36,(anonymous_14)
FNDA:1,(anonymous_15)
FNDA:0,(anonymous_16)
FNDA:0,(anonymous_17)
FNDA:0,(anonymous_18)
DA:32,1
DA:38,1
DA:46,2
DA:47,2
DA:48,2
DA:52,2
DA:53,2
DA:54,4
DA:55,12
DA:56,12
DA:57,0
DA:58,0
DA:59,0
DA:69,2
DA:70,2
DA:71,2
DA:72,12
DA:73,2
DA:74,2
DA:75,2
DA:76,10
DA:77,3
DA:78,7
DA:79,4
DA:80,4
DA:81,4
DA:82,4
DA:83,4
DA:84,4
DA:85,12
DA:87,4
DA:96,3
DA:98,3
DA:100,3
DA:101,0
DA:104,3
DA:105,12
DA:106,36
DA:107,2
DA:109,2
DA:123,1
DA:124,1
DA:126,0
DA:127,0
DA:129,0
DA:131,0
DA:132,0
DA:134,0
DA:135,0
DA:138,0
DA:139,0
DA:140,0
LF:52
LH:38
BRDA:56,0,0,0
BRDA:56,0,1,12
BRDA:56,1,0,12
BRDA:56,1,1,12
BRDA:72,2,0,2
BRDA:72,2,1,10
BRDA:76,3,0,3
BRDA:76,3,1,7
BRDA:78,4,0,4
BRDA:78,4,1,3
BRDA:82,5,0,4
BRDA:82,5,1,0
BRDA:100,6,0,0
BRDA:100,6,1,3
BRDA:106,7,0,2
BRDA:106,7,1,34
BRF:16
BRH:13
end_of_record
TN:
SF:C:\Users\Admin\Desktop\web\031802513-031802516\src\components\tree.vue
FN:102,(anonymous_1)
FN:112,(anonymous_2)
FN:113,(anonymous_3)
FN:117,(anonymous_4)
FN:131,(anonymous_5)
FN:141,(anonymous_6)
FN:145,(anonymous_7)
FNF:7
FNH:6
FNDA:7,(anonymous_1)
FNDA:7,(anonymous_2)
FNDA:10,(anonymous_3)
FNDA:4,(anonymous_4)
FNDA:7,(anonymous_5)
FNDA:0,(anonymous_6)
FNDA:1,(anonymous_7)
DA:103,7
DA:113,7
DA:114,10
DA:116,10
DA:117,2
DA:118,4
DA:121,10
DA:123,7
DA:124,6
DA:132,7
DA:133,7
DA:134,7
DA:136,7
DA:142,0
DA:143,0
DA:146,1
DA:147,1
DA:148,1
LF:18
LH:16
BRDA:114,0,0,5
BRDA:114,0,1,5
BRDA:116,1,0,2
BRDA:116,1,1,8
BRDA:123,2,0,6
BRDA:123,2,1,1
BRF:6
BRH:6
end_of_record
