TN:
SF:C:\Users\Admin\Desktop\web\031802513-031802516\src\assets\head.jpg
FNF:0
FNH:0
DA:1,1
LF:1
LH:1
BRF:0
BRH:0
end_of_record
TN:
SF:C:\Users\Admin\Desktop\web\031802513-031802516\src\components\index.vue
FN:52,(anonymous_1)
FN:61,(anonymous_2)
FN:65,(anonymous_3)
FN:70,(anonymous_4)
FN:76,(anonymous_5)
FN:77,(anonymous_6)
FN:78,(anonymous_7)
FN:79,(anonymous_8)
FN:80,(anonymous_9)
FN:93,(anonymous_10)
FN:96,(anonymous_11)
FN:106,(anonymous_12)
FN:109,(anonymous_13)
FN:123,(anonymous_14)
FN:129,(anonymous_15)
FN:130,(anonymous_16)
FN:147,(anonymous_17)
FN:149,(anonymous_18)
FN:154,(anonymous_19)
FN:163,(anonymous_20)
FNF:20
FNH:15
FNDA:1,(anonymous_1)
FNDA:0,(anonymous_2)
FNDA:0,(anonymous_3)
FNDA:2,(anonymous_4)
FNDA:2,(anonymous_5)
FNDA:2,(anonymous_6)
FNDA:4,(anonymous_7)
FNDA:12,(anonymous_8)
FNDA:12,(anonymous_9)
FNDA:2,(anonymous_10)
FNDA:12,(anonymous_11)
FNDA:4,(anonymous_12)
FNDA:12,(anonymous_13)
FNDA:3,(anonymous_14)
FNDA:12,(anonymous_15)
FNDA:36,(anonymous_16)
FNDA:1,(anonymous_17)
FNDA:0,(anonymous_18)
FNDA:0,(anonymous_19)
FNDA:0,(anonymous_20)
DA:47,1
DA:53,1
DA:62,0
DA:63,0
DA:64,0
DA:65,0
DA:66,0
DA:67,0
DA:71,2
DA:72,2
DA:73,2
DA:77,2
DA:78,2
DA:79,4
DA:80,12
DA:81,12
DA:82,0
DA:83,0
DA:84,0
DA:94,2
DA:95,2
DA:96,2
DA:97,12
DA:98,2
DA:99,2
DA:100,2
DA:101,10
DA:102,3
DA:103,7
DA:104,4
DA:105,4
DA:106,4
DA:107,4
DA:108,4
DA:109,4
DA:110,12
DA:112,4
DA:121,3
DA:123,3
DA:125,3
DA:126,0
DA:129,3
DA:130,12
DA:131,36
DA:132,2
DA:134,2
DA:148,1
DA:149,1
DA:151,0
DA:152,0
DA:154,0
DA:156,0
DA:157,0
DA:159,0
DA:160,0
DA:163,0
DA:164,0
DA:165,0
LF:58
LH:38
BRDA:81,0,0,0
BRDA:81,0,1,12
BRDA:81,1,0,12
BRDA:81,1,1,12
BRDA:97,2,0,2
BRDA:97,2,1,10
BRDA:101,3,0,3
BRDA:101,3,1,7
BRDA:103,4,0,4
BRDA:103,4,1,3
BRDA:107,5,0,4
BRDA:107,5,1,0
BRDA:125,6,0,0
BRDA:125,6,1,3
BRDA:131,7,0,2
BRDA:131,7,1,34
BRF:16
BRH:13
end_of_record
TN:
SF:C:\Users\Admin\Desktop\web\031802513-031802516\src\components\tree.vue
FN:102,(anonymous_1)
FN:112,(anonymous_2)
FN:113,(anonymous_3)
FN:117,(anonymous_4)
FN:131,(anonymous_5)
FN:141,(anonymous_6)
FN:145,(anonymous_7)
FNF:7
FNH:6
FNDA:7,(anonymous_1)
FNDA:7,(anonymous_2)
FNDA:10,(anonymous_3)
FNDA:4,(anonymous_4)
FNDA:7,(anonymous_5)
FNDA:0,(anonymous_6)
FNDA:1,(anonymous_7)
DA:103,7
DA:113,7
DA:114,10
DA:116,10
DA:117,2
DA:118,4
DA:121,10
DA:123,7
DA:124,6
DA:132,7
DA:133,7
DA:134,7
DA:136,7
DA:142,0
DA:143,0
DA:146,1
DA:147,1
DA:148,1
LF:18
LH:16
BRDA:114,0,0,5
BRDA:114,0,1,5
BRDA:116,1,0,2
BRDA:116,1,1,8
BRDA:123,2,0,6
BRDA:123,2,1,1
BRF:6
BRH:6
end_of_record
